-------------------------------------------------------------------------------
Test set: corbos.bullscows.data.GameDaoDBTest
-------------------------------------------------------------------------------
Tests run: 6, Failures: 0, Errors: 6, Skipped: 0, Time elapsed: 3.241 s <<< FAILURE! - in corbos.bullscows.data.GameDaoDBTest
testGetAllGames(corbos.bullscows.data.GameDaoDBTest)  Time elapsed: 0 s  <<< ERROR!
java.lang.IllegalStateException: Failed to load ApplicationContext
Caused by: org.springframework.beans.factory.UnsatisfiedDependencyException: Error creating bean with name 'app': Unsatisfied dependency expressed through field 'controller'; nested exception is org.springframework.beans.factory.UnsatisfiedDependencyException: Error creating bean with name 'gameController' defined in file [C:\Users\mikeb\OneDrive\Documents\NetBeansProjects\BullsCows\target\classes\corbos\bullscows\controllers\GameController.class]: Unsatisfied dependency expressed through constructor parameter 0; nested exception is org.springframework.beans.factory.NoSuchBeanDefinitionException: No qualifying bean of type 'corbos.bullscows.data.GameDao' available: expected at least 1 bean which qualifies as autowire candidate. Dependency annotations: {}
Caused by: org.springframework.beans.factory.UnsatisfiedDependencyException: Error creating bean with name 'gameController' defined in file [C:\Users\mikeb\OneDrive\Documents\NetBeansProjects\BullsCows\target\classes\corbos\bullscows\controllers\GameController.class]: Unsatisfied dependency expressed through constructor parameter 0; nested exception is org.springframework.beans.factory.NoSuchBeanDefinitionException: No qualifying bean of type 'corbos.bullscows.data.GameDao' available: expected at least 1 bean which qualifies as autowire candidate. Dependency annotations: {}
Caused by: org.springframework.beans.factory.NoSuchBeanDefinitionException: No qualifying bean of type 'corbos.bullscows.data.GameDao' available: expected at least 1 bean which qualifies as autowire candidate. Dependency annotations: {}

testUpdateGame(corbos.bullscows.data.GameDaoDBTest)  Time elapsed: 0.001 s  <<< ERROR!
java.lang.IllegalStateException: Failed to load ApplicationContext
Caused by: org.springframework.beans.factory.UnsatisfiedDependencyException: Error creating bean with name 'app': Unsatisfied dependency expressed through field 'controller'; nested exception is org.springframework.beans.factory.UnsatisfiedDependencyException: Error creating bean with name 'gameController' defined in file [C:\Users\mikeb\OneDrive\Documents\NetBeansProjects\BullsCows\target\classes\corbos\bullscows\controllers\GameController.class]: Unsatisfied dependency expressed through constructor parameter 0; nested exception is org.springframework.beans.factory.NoSuchBeanDefinitionException: No qualifying bean of type 'corbos.bullscows.data.GameDao' available: expected at least 1 bean which qualifies as autowire candidate. Dependency annotations: {}
Caused by: org.springframework.beans.factory.UnsatisfiedDependencyException: Error creating bean with name 'gameController' defined in file [C:\Users\mikeb\OneDrive\Documents\NetBeansProjects\BullsCows\target\classes\corbos\bullscows\controllers\GameController.class]: Unsatisfied dependency expressed through constructor parameter 0; nested exception is org.springframework.beans.factory.NoSuchBeanDefinitionException: No qualifying bean of type 'corbos.bullscows.data.GameDao' available: expected at least 1 bean which qualifies as autowire candidate. Dependency annotations: {}
Caused by: org.springframework.beans.factory.NoSuchBeanDefinitionException: No qualifying bean of type 'corbos.bullscows.data.GameDao' available: expected at least 1 bean which qualifies as autowire candidate. Dependency annotations: {}

testAnswerHiding(corbos.bullscows.data.GameDaoDBTest)  Time elapsed: 0 s  <<< ERROR!
java.lang.IllegalStateException: Failed to load ApplicationContext
Caused by: org.springframework.beans.factory.UnsatisfiedDependencyException: Error creating bean with name 'app': Unsatisfied dependency expressed through field 'controller'; nested exception is org.springframework.beans.factory.UnsatisfiedDependencyException: Error creating bean with name 'gameController' defined in file [C:\Users\mikeb\OneDrive\Documents\NetBeansProjects\BullsCows\target\classes\corbos\bullscows\controllers\GameController.class]: Unsatisfied dependency expressed through constructor parameter 0; nested exception is org.springframework.beans.factory.NoSuchBeanDefinitionException: No qualifying bean of type 'corbos.bullscows.data.GameDao' available: expected at least 1 bean which qualifies as autowire candidate. Dependency annotations: {}
Caused by: org.springframework.beans.factory.UnsatisfiedDependencyException: Error creating bean with name 'gameController' defined in file [C:\Users\mikeb\OneDrive\Documents\NetBeansProjects\BullsCows\target\classes\corbos\bullscows\controllers\GameController.class]: Unsatisfied dependency expressed through constructor parameter 0; nested exception is org.springframework.beans.factory.NoSuchBeanDefinitionException: No qualifying bean of type 'corbos.bullscows.data.GameDao' available: expected at least 1 bean which qualifies as autowire candidate. Dependency annotations: {}
Caused by: org.springframework.beans.factory.NoSuchBeanDefinitionException: No qualifying bean of type 'corbos.bullscows.data.GameDao' available: expected at least 1 bean which qualifies as autowire candidate. Dependency annotations: {}

testGetAssociatedRounds(corbos.bullscows.data.GameDaoDBTest)  Time elapsed: 0 s  <<< ERROR!
java.lang.IllegalStateException: Failed to load ApplicationContext
Caused by: org.springframework.beans.factory.UnsatisfiedDependencyException: Error creating bean with name 'app': Unsatisfied dependency expressed through field 'controller'; nested exception is org.springframework.beans.factory.UnsatisfiedDependencyException: Error creating bean with name 'gameController' defined in file [C:\Users\mikeb\OneDrive\Documents\NetBeansProjects\BullsCows\target\classes\corbos\bullscows\controllers\GameController.class]: Unsatisfied dependency expressed through constructor parameter 0; nested exception is org.springframework.beans.factory.NoSuchBeanDefinitionException: No qualifying bean of type 'corbos.bullscows.data.GameDao' available: expected at least 1 bean which qualifies as autowire candidate. Dependency annotations: {}
Caused by: org.springframework.beans.factory.UnsatisfiedDependencyException: Error creating bean with name 'gameController' defined in file [C:\Users\mikeb\OneDrive\Documents\NetBeansProjects\BullsCows\target\classes\corbos\bullscows\controllers\GameController.class]: Unsatisfied dependency expressed through constructor parameter 0; nested exception is org.springframework.beans.factory.NoSuchBeanDefinitionException: No qualifying bean of type 'corbos.bullscows.data.GameDao' available: expected at least 1 bean which qualifies as autowire candidate. Dependency annotations: {}
Caused by: org.springframework.beans.factory.NoSuchBeanDefinitionException: No qualifying bean of type 'corbos.bullscows.data.GameDao' available: expected at least 1 bean which qualifies as autowire candidate. Dependency annotations: {}

testDeleteGame(corbos.bullscows.data.GameDaoDBTest)  Time elapsed: 0 s  <<< ERROR!
java.lang.IllegalStateException: Failed to load ApplicationContext
Caused by: org.springframework.beans.factory.UnsatisfiedDependencyException: Error creating bean with name 'app': Unsatisfied dependency expressed through field 'controller'; nested exception is org.springframework.beans.factory.UnsatisfiedDependencyException: Error creating bean with name 'gameController' defined in file [C:\Users\mikeb\OneDrive\Documents\NetBeansProjects\BullsCows\target\classes\corbos\bullscows\controllers\GameController.class]: Unsatisfied dependency expressed through constructor parameter 0; nested exception is org.springframework.beans.factory.NoSuchBeanDefinitionException: No qualifying bean of type 'corbos.bullscows.data.GameDao' available: expected at least 1 bean which qualifies as autowire candidate. Dependency annotations: {}
Caused by: org.springframework.beans.factory.UnsatisfiedDependencyException: Error creating bean with name 'gameController' defined in file [C:\Users\mikeb\OneDrive\Documents\NetBeansProjects\BullsCows\target\classes\corbos\bullscows\controllers\GameController.class]: Unsatisfied dependency expressed through constructor parameter 0; nested exception is org.springframework.beans.factory.NoSuchBeanDefinitionException: No qualifying bean of type 'corbos.bullscows.data.GameDao' available: expected at least 1 bean which qualifies as autowire candidate. Dependency annotations: {}
Caused by: org.springframework.beans.factory.NoSuchBeanDefinitionException: No qualifying bean of type 'corbos.bullscows.data.GameDao' available: expected at least 1 bean which qualifies as autowire candidate. Dependency annotations: {}

testAddGetGame(corbos.bullscows.data.GameDaoDBTest)  Time elapsed: 0 s  <<< ERROR!
java.lang.IllegalStateException: Failed to load ApplicationContext
Caused by: org.springframework.beans.factory.UnsatisfiedDependencyException: Error creating bean with name 'app': Unsatisfied dependency expressed through field 'controller'; nested exception is org.springframework.beans.factory.UnsatisfiedDependencyException: Error creating bean with name 'gameController' defined in file [C:\Users\mikeb\OneDrive\Documents\NetBeansProjects\BullsCows\target\classes\corbos\bullscows\controllers\GameController.class]: Unsatisfied dependency expressed through constructor parameter 0; nested exception is org.springframework.beans.factory.NoSuchBeanDefinitionException: No qualifying bean of type 'corbos.bullscows.data.GameDao' available: expected at least 1 bean which qualifies as autowire candidate. Dependency annotations: {}
Caused by: org.springframework.beans.factory.UnsatisfiedDependencyException: Error creating bean with name 'gameController' defined in file [C:\Users\mikeb\OneDrive\Documents\NetBeansProjects\BullsCows\target\classes\corbos\bullscows\controllers\GameController.class]: Unsatisfied dependency expressed through constructor parameter 0; nested exception is org.springframework.beans.factory.NoSuchBeanDefinitionException: No qualifying bean of type 'corbos.bullscows.data.GameDao' available: expected at least 1 bean which qualifies as autowire candidate. Dependency annotations: {}
Caused by: org.springframework.beans.factory.NoSuchBeanDefinitionException: No qualifying bean of type 'corbos.bullscows.data.GameDao' available: expected at least 1 bean which qualifies as autowire candidate. Dependency annotations: {}

